                                                                              2023-12-11
AeroSys-AT Bundle Adjustment, <OEM   Pkg>   AeroSys-AT  v7.6  1989-2023 MHS
Project ID: 2911_2910

-----------------------------------------------------------
-------------------  General Statistics  ------------------
-----------------------------------------------------------
No. of Cameras used:           1
No. of Photos:                 2
No. of Object Points:         24
No. of A-GPS Drift Params:     0
Total Unknowns:               84

No. of Image Points:          48
No. of Surveying Obsv:         0
No. of APs:                    0

DOFs due to camera center obsrv:     0
DOFs due to ground control  pts:    27
DOFs due to image  coord  obsrv:    96

Total Degrees of Freedom (Nobsrv - Nunks):    39

-----------------------------------------------------------------
  Block Reliability Statistic (Average Degrees of Freedom)       
-----------------------------------------------------------------

  for single strip blocks,         want Avg_DOF >= (~) 0.25      
  for corridor multi-strip blocks, want Avg_DOF >= (~) 0.35      
  for rectangular blocks,          want Avg_DOF >=     0.50      

  Average Degrees of Freedom (DOFs / Nunks):   0.46
-----------------------------------------------------------------

-----------------------------------------------------------------
Image Ray Distribution
-----------------------------------------------------------------
Number of  2-Fold points =     24      Pct = 100.0
Number of  3-Fold points =      0      Pct =   0.0
Number of  4-Fold points =      0      Pct =   0.0
Number of  5-Fold points =      0      Pct =   0.0
Number of  6-Fold points =      0      Pct =   0.0
Number of  7-Fold points =      0      Pct =   0.0
Number of  8-Fold points =      0      Pct =   0.0
Number of  9-Fold points =      0      Pct =   0.0
Number of 10-Fold points =      0      Pct =   0.0
Number of 11-Fold points =      0      Pct =   0.0
Number of 12-Fold points =      0      Pct =   0.0


------------------------------------------------------------------------------------
  Final Sigma0 Statistic (Post-Adjustment Standard Deviation of Unit Weight)        
------------------------------------------------------------------------------------

  For a reliable block adjustment, the final Sigma0 must reside within              
  the Chi-squared interval surrounding the value of 1.0                             

  The size of this statistical interval, i.e., [Low_So <--- 1.0 ---> High_So]       
  is determined by the total number of DOFs in the adjustment.                      
  The larger total DOFs, the smaller the Chi-squared interval.                      

  An optimum adjustment solution can be obtained by balencing the observational     
  weights to achieve a Final Sigma0 of exactly 1.0  ....  typically the weights     
  of the photocoordinate observations are balenced against the ground control weights.

  Final Sigma0 (for this adjustment) =   1.00

  Override Option Mode = ON
  Scaled (photocoordinate weight) Sx = 0.0077    (units = mm)
  Scaled (photocoordinate weight) Sy = 0.0077    (units = mm)
------------------------------------------------------------------------------------

                                                                              2023-12-11
AeroSys-AT Bundle Adjustment, <OEM   Pkg>   AeroSys-AT  v7.6  1989-2023 MHS
Project ID: 2911_2910

--------------------------------------------------------------------------------------------------------
Standardized Photocoordinate Residuals: Wi = Vi / (sqrt(1/WT - A(N**-1)AT) * SigmaO)
--------------------------------------------------------------------------------------------------------
Points| (Pht No., Wx, Wy)   Note: Wx & Wy are UNIT-LESS statistics;  Outlyier Criterion  Wi > 3.29      
--------------------------------------------------------------------------------------------------------

  0 posible blunders/outlyers detected

---------------------------------------------------------------------------------

 * Denotes that Critical Value of 3.29 exceeded, ie. possible gross error

Maximum Standardized Residual =  -2.54  from Point No.132 on Photo No.2910

                                                                              2023-12-11
AeroSys-AT Bundle Adjustment, <OEM   Pkg>   AeroSys-AT  v7.6  1989-2023 MHS
Project ID: 2911_2910
------------------------------------------------------
Population Distribution of Standardized Residuals in X
------------------------------------------------------
Blunder |      0|
  -3.20 |      0|
  -3.00 |      0|
  -2.80 |      0|
  -2.60 |      0|
  -2.40 |      0|
  -2.20 |      0|
  -2.00 |      0|
  -1.80 |      1|
  -1.60 |      0|
  -1.40 |      0|
  -1.20 |      4|::
  -1.00 |      4|::
  -0.80 |      5|::
  -0.60 |      5|::
  -0.40 |      2|:
  -0.20 |      3|:
   0.00 |      0|
   0.20 |      3|:
   0.40 |      2|:
   0.60 |      6|:::
   0.80 |      4|::
   1.00 |      3|:
   1.20 |      4|::
   1.40 |      1|
   1.60 |      1|
   1.80 |      0|
   2.00 |      0|
   2.20 |      0|
   2.40 |      0|
   2.60 |      0|
   2.80 |      0|
   3.00 |      0|
   3.20 |      0|
Blunder |      0|

                                                                              2023-12-11
AeroSys-AT Bundle Adjustment, <OEM   Pkg>   AeroSys-AT  v7.6  1989-2023 MHS
Project ID: 2911_2910
------------------------------------------------------
Population Distribution of Standardized Residuals in Y
------------------------------------------------------
Blunder |      0|
  -3.20 |      0|
  -3.00 |      0|
  -2.80 |      0|
  -2.60 |      1|
  -2.40 |      0|
  -2.20 |      0|
  -2.00 |      0|
  -1.80 |      0|
  -1.60 |      1|
  -1.40 |      1|
  -1.20 |      4|::
  -1.00 |      3|:
  -0.80 |      3|:
  -0.60 |      4|::
  -0.40 |      3|:
  -0.20 |      3|:
   0.00 |      0|
   0.20 |      4|::
   0.40 |      2|:
   0.60 |      6|:::
   0.80 |      3|:
   1.00 |      3|:
   1.20 |      4|::
   1.40 |      1|
   1.60 |      1|
   1.80 |      1|
   2.00 |      0|
   2.20 |      0|
   2.40 |      0|
   2.60 |      0|
   2.80 |      0|
   3.00 |      0|
   3.20 |      0|
Blunder |      0|

                                                                              2023-12-11
AeroSys-AT Bundle Adjustment, <OEM   Pkg>   AeroSys-AT  v7.6  1989-2023 MHS
Project ID: 2911_2910
<----------------------------------------------->
<     Ten Largest Photocoordinate Residuals     >
<         PointNo, PhotoNo, Vx, Vy  (units=mm)  >
-------------------------------------------------
      8491    2910  -0.010  -0.007
       113    2910   0.007  -0.008
      7101    2910   0.007  -0.005
      8491    2911   0.008   0.003
       132    2911   0.004   0.010
       132    2910  -0.002  -0.015
       151    2911  -0.004  -0.009
       151    2910   0.003   0.009
       261    2910   0.002   0.008
       239    2910   0.004   0.008
--------------------------------------------------

--------------------------------------------------------
---    Root Mean Square Image Coordinate Errors,     ---
---                                                  ---
---    Average Magnitude of Residuals (AMR)          ---
---                                                  ---
---                    and                           ---
---                                                  ---
---    Mean of Image Coordinate Errors               ---
---                                                  ---
--------------------------------------------------------
---                                                  ---
---               image system units = microns       ---
---                                                  ---
---               Overall     Ctrl Pts     Pass Pts  ---
---                                                  ---
---    Rays   =      48           18           30    ---
---                                                  ---
---  RMS Vx   =     3.4          5.5          0.1    ---
---  RMS Vy   =     5.4          7.0          4.2    ---
---  RMS Vxy  =     6.4          8.9          4.2    ---
---                                                  ---
---  AMR Vx   =     2.0          5.1          0.1    ---
---  AMR Vy   =     4.6          6.1          3.8    ---
---  AMR Vxy  =     5.0          8.0          3.8    ---
---                                                  ---
---  mean Vx   =     0.0          0.0          0.0    ---
---  mean Vy   =     0.0          0.0          0.0    ---
---  mean Vxy  =     0.0          0.0          0.0    ---
---                                                  ---
--------------------------------------------------------

                                                                              2023-12-11
AeroSys-AT Bundle Adjustment, <OEM   Pkg>   AeroSys-AT  v7.6  1989-2023 MHS
Project ID: 2911_2910
-----------------------------------------------------------------------------------------------------------------------
-----------------------  Adjusted Control Points  &  Least Squares Residuals  -----------------------------------------
-----------------------------------------------------------------------------------------------------------------------
                      <----------- Object Space  or  Ground Control Units -----------------> <-- Unitless Statistics ->
No. <--- Point ID ---><----- Xg -----><----- Yg -----><---- Zg ----> <Res X> <Res Y> <Res Z> <Std Wx> <Std Wy> <Std Wz>
-----------------------------------------------------------------------------------------------------------------------
  1               113     7464489.695     5958434.757     102.774   -0.034   -0.043   -0.055  -0.42     -0.53     -5.10 * 
  2               128     7464276.798     5958268.182     103.920    0.069    0.016    0.048   0.81      0.19      2.03   
  3               132     7463714.886     5958280.991     103.767   -0.102   -0.037    0.021  -1.19     -0.44      1.41   
  4               151     7463706.757     5957563.299     119.809    0.006    0.011   -0.022   0.07      0.13     -0.92   
  5               239     7464445.551     5958001.789     106.748    0.108    0.004   -0.002   1.27      0.04     -0.07   
  6               242     7463419.270     5957886.626     120.667    0.034    0.016    0.026   0.40      0.19      1.34   
  7               261     7463875.813     5957815.694     112.704    0.039    0.041   -0.025   0.44      0.46     -0.98   
  8              7101     7463448.746     5957499.289     126.077   -0.034   -0.051   -0.022  -0.41     -0.63     -1.48   
  9              8491     7464418.353     5957472.013     117.132   -0.087    0.043    0.032  -1.07      0.53     14.82 * 

                                                              rms    0.066   0.033   0.032
                                                              amr    0.057   0.029   0.028
                                                             mean    0.000   0.000   0.000

----------------------------------------------------------------------------------------------------
**#@!--> Denotes an AUTO_DETECTED gross error
* Denotes that critical value of 3.29 is exceeded, i.e. possible gross error!


Maximum Standardized Residual =   1.27 from Control Point No.239
----------------------------------------------------------------------------------------------------
--------------------------------------------------------------------------
---------------  Control Point Root Mean Square Errors  ------------------
--------------------------------------------------------------------------
---  Axis   --- 3D Control --- Horizontal Control --- Vertical Control ---
--------------------------------------------------------------------------
     RMS Vx          0.066          0.066     
     RMS Vy          0.033          0.033     
     RMS Vz          0.032          0.032     

     RMS Vs          0.275
--------------------------------------------------------------------------

----------------------------------------------------------------------------------------------
                        <--ground coordinate  units-->          <---------unit-less---------->


                        <Space Intersection Residuals>          < Lst-Sqrs Standardized Wxyz >

<    POINT_ID    ><Rays><   Dx   ><   Dy   ><   Dz   ><GCP Type>< Std Wx >< Std Wy >< Std Wz >
----------------------------------------------------------------------------------------------
             113     2     0.039     0.008    -0.395    FCP       -0.42     -0.53     -5.10
             128     2     0.038    -0.013     0.354    FCP        0.81      0.19      2.03
             132     2    -0.110    -0.059     0.158    FCP       -1.19     -0.44      1.41
             151     2    -0.008    -0.017    -0.189    FCP        0.07      0.13     -0.92
             239     2     0.174     0.004    -0.215    FCP        1.27      0.04     -0.07
             242     2     0.098     0.033     0.305    FCP        0.40      0.19      1.34
             261     2     0.043     0.034    -0.202    FCP        0.44      0.46     -0.98
            7101     2    -0.102    -0.128    -0.343    FCP       -0.41     -0.63     -1.48
            8491     2    -0.204     0.160     0.527    FCP       -1.07      0.53     14.82
----------------------------------------------------------------------------------------------
          RMS              0.110     0.073     0.319

                                0.093

----------------------------------------------------------------------------------------------


                                                                              2023-12-11
AeroSys-AT Bundle Adjustment, <OEM   Pkg>   AeroSys-AT  v7.6  1989-2023 MHS
Project ID: 2911_2910
----------------------------------------------------------------------------------------------------------------------------------------------------------------------
----------  Final Adjusted Exterior Orientations, Standard Errors and Residuals  -------------------------------------------------------------------------------------
----------------------------------------------------------------------------------------------------------------------------------------------------------------------
------><----------Adjusted EO Observations---------><-------Predicted Standard Deviations-------><---------------EO  Residuals---------------><Standardized Residuals>
------><                                           ><                                           ><                                           ><                      >
<PhtNo><----Omega----><-----Phi-----><----Kappa----><------So-----><------Sp-----><------Sk-----><------Vo-----><------Vp-----><------Vk-----><--Wo--><--Wp--><--Wk-->
<PhtNo><------X------><------Y------><------Z------><------Sx-----><------Sy-----><------Sz-----><------Vx-----><------Vy-----><------Vz-----><--Wx--><--Wy--><--Wz-->
----------------------------------------------------------------------------------------------------------------------------------------------------------------------
  2910    -0  2' 16"    -0 35' 19"   269 50' 26"     0  1' 10"     0  1' 10"     0  0' 15"    -0  0' 23"    -0  0' 31"     0  0'  0"     .       .       .  
  2910    7463910.538    5957647.191       2548.691          0.852          0.842          0.208         -0.381          0.278          0.065     .       .       .  
  2911    -0  6' 39"    -0  0'  6"   269 47' 48"     0  1'  7"     0  1'  2"     0  0' 16"     0  0' 27"    -0  0' 12"     0  0'  2"     .       .       .  
  2911    7463929.417    5958371.481       2549.063          0.760          0.805          0.248         -0.147         -0.316          0.111     .       .       .  
-------------------------------------------------------------------------
--  Mean Standard Deviations for the Elements of Exterior Orientation  --
-------------------------------------------------------------------------
    Omega         0  1'  9"         (dms)         
    Phi           0  1'  6"         (dms)         
    Kappa         0  0' 15"         (dms)         
    XL                 0.806       (ground units)
    YL                 0.823       (ground units)
    ZL                 0.228       (ground units)
-------------------------------------------------------------------------

-------------------------------------------------------------------------
--  RMSE for the Elements of Exterior Orientation  --
-------------------------------------------------------------------------
    Omega         0  0' 25"         (dms)         
    Phi           0  0' 24"         (dms)         
    Kappa         0  0'  1"         (dms)         
    XL                 0.289       (ground units)
    YL                 0.298       (ground units)
    ZL                 0.091       (ground units)
-------------------------------------------------------------------------


                                                                              2023-12-11
AeroSys-AT Bundle Adjustment, <OEM   Pkg>   AeroSys-AT  v7.6  1989-2023 MHS
Project ID: 2911_2910
---------------------------------------------------------------------------------------------------------------------------------------------
-----------------------  Final Adjusted Object Space Coordinates, Standard Errors, and Residuals  -----------------------------------------
---------------------------------------------------------------------------------------------------------------------------------------------
                       <-------- XYZ Ground Coordinates ----------><- Predicted Standard Error -><---- Observation (GCP) Residuals ---->
<No> <----Point ID----><------Xg------><------Yg------><----Zg----><---Sx---><---Sy---><---Sz---><---Vx---><---Vy---><---Vz---><---Vs--->
---------------------------------------------------------------------------------------------------------------------------------------------

<CONTROL POINTS> <3D>

   1               113     7464489.729     5958434.800     102.829     0.060     0.059     0.099    -0.034    -0.043    -0.055     0.077
   2               128     7464276.729     5958268.166     103.872     0.052     0.051     0.097     0.069     0.016     0.048     0.085
   3               132     7463714.988     5958281.028     103.746     0.051     0.054     0.099    -0.102    -0.037     0.021     0.110
   4               151     7463706.751     5957563.288     119.831     0.050     0.052     0.097     0.006     0.011    -0.022     0.026
   5               239     7464445.443     5958001.785     106.750     0.053     0.052     0.097     0.108     0.004    -0.002     0.108
   6               242     7463419.236     5957886.610     120.641     0.054     0.054     0.098     0.034     0.016     0.026     0.045
   7               261     7463875.774     5957815.653     112.729     0.047     0.048     0.097     0.039     0.041    -0.025     0.062
   8              7101     7463448.780     5957499.340     126.099     0.057     0.059     0.099    -0.034    -0.051    -0.022     0.065
   9              8491     7464418.440     5957471.970     117.100     0.059     0.059     0.100    -0.087     0.043     0.032     0.102

<CONTROL POINTS> <Horizontal>


<CONTROL POINTS> <Vertical>


<AUTO ELIMINATED CONTROL BLUNDER POINTS>                           <-- Re-Scaled Input Weights  -->
                                                                   <Final_Sx> <Final_Sy> <Final_Sz>



                                                                                                 <---Projected Image Ray AMR Residuals-->
<PASS/TIE POINTS>                                                  <---Sx---><---Sy---><---Sz---><--amrX--><--amrY--><--amrZ--><--rmsS-->

  10             10000     7464816.490     5958472.957     105.616     0.213     0.122     0.560     0.037     0.008     0.011
  11             10001     7464814.769     5958200.707     100.963     0.186     0.078     0.489     0.008     0.001     0.003
  12             10002     7464800.320     5957722.725     103.968     0.180     0.087     0.486     0.042     0.001     0.015
  13             10003     7464425.863     5958441.151     106.144     0.109     0.097     0.446     0.015     0.003     0.002
  14             10004     7464342.879     5957954.056     110.985     0.085     0.057     0.378     0.026     0.007     0.005
  15             10005     7464377.805     5957672.324     119.588     0.092     0.079     0.398     0.020     0.003     0.005
  16             10006     7463927.814     5958332.389     107.017     0.058     0.076     0.395     0.047     0.005     0.001
  17             10007     7463915.504     5957918.431     113.999     0.053     0.054     0.354     0.053     0.010     0.001
  18             10008     7463859.012     5957626.343     115.129     0.056     0.079     0.366     0.031     0.005     0.001
  19             10009     7463511.371     5958412.242     104.354     0.099     0.096     0.503     0.035     0.004     0.005
  20             10010     7463474.408     5957978.583     121.752     0.091     0.060     0.404     0.027     0.007     0.005
  21             10011     7463503.762     5957680.554     125.908     0.088     0.079     0.399     0.010     0.004     0.002
  22             10012     7463172.573     5957539.120     117.840     0.167     0.115     0.504     0.022     0.001     0.007
  23             10013     7463231.559     5957815.735     118.973     0.139     0.074     0.448     0.022     0.001     0.006
  24             10014     7463712.378     5958099.973     111.122     0.063     0.058     0.379     0.048     0.007     0.004

                                                              mean     0.112     0.081     0.434     0.030     0.004     0.005     0.031


------------------------------------------------------------------------
---                Mean Predicted Standard Errors                    ---
------------------------------------------------------------------------
--- (including Control Points) ---------- (excluding Control Points) ---
---                                                                  ---
---            0.090               Sx                0.112           ---
---            0.071               Sy                0.081           ---
---            0.308               Sz                0.434           ---
---                                                                  ---
---            0.329            Spherical            0.455           ---
------------------------------------------------------------------------

                                                                              2023-12-11
AeroSys-AT Bundle Adjustment, <OEM   Pkg>   AeroSys-AT  v7.6  1989-2023 MHS
Project ID: 2911_2910
System Memory Storage Summary
-----------------------------
No. of Cameras            =     1 ====>     0.0 Kbytes
No. of Photos             =     2 ====>     0.4 Kbytes
No. of Points             =    24 ====>     2.3 Kbytes
No. of Photo Coordinates  =    48 ====>     1.9 Kbytes
                                        ------------------
Total Data Storage Required ==========>     4.6 Kbytes



System Computing Time Summary
-----------------------------
Number of Iterations: 

          Reading Data Input Files:   0 Hrs  0 Min  0.03 Sec
      Initializing Data Structures:   0 Hrs  0 Min  0.07 Sec

Forming & Solving Normal Equations:   0 Hrs  0 Min  3.10 Sec
                     Per Iteration:   0 Hrs  0 Min  0.21 Sec

Cholesky Solution    Per Iteration:   0 Hrs  0 Min  0.03 Sec
Details:
Decomposition        -->:   0 Hrs  0 Min  0.02 Sec
Forward Elimination  -->:   0 Hrs  0 Min  0.01 Sec
Back Substitution    -->:   0 Hrs  0 Min  0.01 Sec


Forming Normal Eqns  Per Iteration:   0 Hrs  0 Min  0.17 Sec
Details:
Init Varibles          -->:   0 Hrs  0 Min  0.00 Sec
Add APs    Obs         -->:   0 Hrs  0 Min  0.00 Sec
Add AB-GPS Spc         -->:   0 Hrs  0 Min  0.00 Sec
Add Photo  Obs         -->:   0 Hrs  0 Min  0.00 Sec
Add Pointwise          -->:   0 Hrs  0 Min  0.11 Sec
Invert N dlbdot        -->:   0 Hrs  0 Min  0.00 Sec
Form SE sgldot         -->:   0 Hrs  0 Min  0.00 Sec
Form S  sgldot OffDiag -->:   0 Hrs  0 Min  0.01 Sec
Transfer SE2 Diag&Rhs  -->:   0 Hrs  0 Min  0.00 Sec


Normal Equations Inverse:   0 Hrs  0 Min  0.01 Sec
              Statistics:   0 Hrs  0 Min  0.42 Sec

    Total Computing Time:   0 Hrs  0 Min  3.71 Sec

